<?xml version="1.0" encoding="UTF-8"?>
<testng-results ignored="0" total="1" passed="1" failed="0" skipped="0">
  <reporter-output>
  </reporter-output>
  <suite started-at="2020-08-19T16:52:57Z" name="Default suite" finished-at="2020-08-19T16:57:22Z" duration-ms="264801">
    <groups>
    </groups>
    <test started-at="2020-08-19T16:52:57Z" name="Default test" finished-at="2020-08-19T16:57:22Z" duration-ms="264801">
      <class name="com.Test.secondSearchPageTest">
        <test-method is-config="true" signature="setUp()[pri:0, instance:com.Test.secondSearchPageTest@c86b9e3]" started-at="2020-08-19T22:22:57Z" name="setUp" finished-at="2020-08-19T22:23:32Z" duration-ms="34424" status="PASS">
          <reporter-output>
          </reporter-output>
        </test-method> <!-- setUp -->
        <test-method signature="cryptasignInTest()[pri:0, instance:com.Test.secondSearchPageTest@c86b9e3]" started-at="2020-08-19T22:23:32Z" name="cryptasignInTest" finished-at="2020-08-19T22:27:21Z" duration-ms="229758" status="PASS">
          <reporter-output>
          </reporter-output>
        </test-method> <!-- cryptasignInTest -->
        <test-method is-config="true" signature="tearDown()[pri:0, instance:com.Test.secondSearchPageTest@c86b9e3]" started-at="2020-08-19T22:27:21Z" name="tearDown" finished-at="2020-08-19T22:27:22Z" duration-ms="597" status="PASS">
          <reporter-output>
          </reporter-output>
        </test-method> <!-- tearDown -->
      </class> <!-- com.Test.secondSearchPageTest -->
    </test> <!-- Default test -->
  </suite> <!-- Default suite -->
</testng-results>
